<?xml version="1.0" encoding="UTF-8"?>
<testng-results ignored="0" total="1" passed="1" failed="0" skipped="0">
  <reporter-output>
  </reporter-output>
  <suite started-at="2021-05-18T07:48:09Z" name="Default suite" finished-at="2021-05-18T07:48:21Z" duration-ms="12136">
    <groups>
    </groups>
    <test started-at="2021-05-18T07:48:09Z" name="Default test" finished-at="2021-05-18T07:48:21Z" duration-ms="12136">
      <class name="TestCases.HomePage">
        <test-method is-config="true" signature="url()[pri:0, instance:TestCases.HomePage@58ebfd03]" started-at="2021-05-18T07:48:09Z" name="url" finished-at="2021-05-18T07:48:19Z" duration-ms="9690" status="PASS">
          <reporter-output>
          </reporter-output>
        </test-method> <!-- url -->
        <test-method signature="signup_click()[pri:0, instance:TestCases.HomePage@58ebfd03]" started-at="2021-05-18T07:48:19Z" name="signup_click" finished-at="2021-05-18T07:48:21Z" duration-ms="2277" status="PASS">
          <reporter-output>
          </reporter-output>
        </test-method> <!-- signup_click -->
      </class> <!-- TestCases.HomePage -->
    </test> <!-- Default test -->
  </suite> <!-- Default suite -->
</testng-results>
